Using pre-set license
Built from '2021.1/staging' branch; Version is '2021.1.18f1 (25bdc3efbc2d) revision 2473411'; Using compiler version '192528614'; Build Type 'Release'
OS: 'Windows 10 Home; OS build 19044.1586; Version 2009; 64bit' Language: 'en' Physical Memory: 8152 MB
BatchMode: 1, IsHumanControllingUs: 0, StartBugReporterOnCrash: 0, Is64bit: 1, IsPro: 0

COMMAND LINE ARGUMENTS:
C:\Program Files\Unity\Hub\Editor\2021.1.18f1\Editor\Unity.exe
-adb2
-batchMode
-noUpm
-name
AssetImportWorker6
-projectPath
C:/Users/Craig Zeki/Documents/GitHub/SpookyShootEmVR_Unity2021.1.18f1
-logFile
Logs/AssetImportWorker6.log
-srvPort
49648
Successfully changed project path to: C:/Users/Craig Zeki/Documents/GitHub/SpookyShootEmVR_Unity2021.1.18f1
C:/Users/Craig Zeki/Documents/GitHub/SpookyShootEmVR_Unity2021.1.18f1
Using Asset Import Pipeline V2.
Refreshing native plugins compatible for Editor in 181.75 ms, found 6 plugins.
Preloading 0 native plugins for Editor in 0.00 ms.
Initialize engine version: 2021.1.18f1 (25bdc3efbc2d)
[Subsystems] Discovering subsystems at path C:/Program Files/Unity/Hub/Editor/2021.1.18f1/Editor/Data/Resources/UnitySubsystems
[Subsystems] Discovering subsystems at path C:/Users/Craig Zeki/Documents/GitHub/SpookyShootEmVR_Unity2021.1.18f1/Assets
GfxDevice: creating device client; threaded=0; jobified=0
Direct3D:
    Version:  Direct3D 11.0 [level 11.1]
    Renderer: NVIDIA GeForce GTX 970 (ID=0x13c2)
    Vendor:   NVIDIA
    VRAM:     4043 MB
    Driver:   30.0.15.1179
Initialize mono
Mono path[0] = 'C:/Program Files/Unity/Hub/Editor/2021.1.18f1/Editor/Data/Managed'
Mono path[1] = 'C:/Program Files/Unity/Hub/Editor/2021.1.18f1/Editor/Data/MonoBleedingEdge/lib/mono/unityjit'
Mono config path = 'C:/Program Files/Unity/Hub/Editor/2021.1.18f1/Editor/Data/MonoBleedingEdge/etc'
Using monoOptions --debugger-agent=transport=dt_socket,embedding=1,server=y,suspend=n,address=127.0.0.1:56468
Begin MonoManager ReloadAssembly
Registering precompiled unity dll's ...
Register platform support module: C:/Program Files/Unity/Hub/Editor/2021.1.18f1/Editor/Data/PlaybackEngines/WebGLSupport/UnityEditor.WebGL.Extensions.dll
Register platform support module: C:/Program Files/Unity/Hub/Editor/2021.1.18f1/Editor/Data/PlaybackEngines/WindowsStandaloneSupport/UnityEditor.WindowsStandalone.Extensions.dll
Registered in 0.012126 seconds.
Native extension for WindowsStandalone target not found
Native extension for WebGL target not found
Refreshing native plugins compatible for Editor in 142.35 ms, found 6 plugins.
Preloading 0 native plugins for Editor in 0.00 ms.
Mono: successfully reloaded assembly
- Completed reload, in  3.792 seconds
Domain Reload Profiling:
	ReloadAssembly (3792ms)
		BeginReloadAssembly (106ms)
			ExecutionOrderSort (0ms)
			DisableScriptedObjects (0ms)
			BackupInstance (0ms)
			ReleaseScriptingObjects (0ms)
			CreateAndSetChildDomain (1ms)
		EndReloadAssembly (858ms)
			LoadAssemblies (103ms)
			RebuildTransferFunctionScriptingTraits (0ms)
			SetupTypeCache (310ms)
			ReleaseScriptCaches (0ms)
			RebuildScriptCaches (44ms)
			SetupLoadedEditorAssemblies (437ms)
				LogAssemblyErrors (0ms)
				InitializePlatformSupportModulesInManaged (9ms)
				SetLoadedEditorAssemblies (0ms)
				RefreshPlugins (142ms)
				BeforeProcessingInitializeOnLoad (2ms)
				ProcessInitializeOnLoadAttributes (162ms)
				ProcessInitializeOnLoadMethodAttributes (121ms)
				AfterProcessingInitializeOnLoad (0ms)
				EditorAssembliesLoaded (0ms)
			ExecutionOrderSort2 (0ms)
			AwakeInstancesAfterBackupRestoration (0ms)
Platform modules already initialized, skipping
Registering precompiled user dll's ...
Registered in 0.013657 seconds.
Begin MonoManager ReloadAssembly
Symbol file LoadedFromMemory doesn't match image C:\Users\Craig Zeki\Documents\GitHub\SpookyShootEmVR_Unity2021.1.18f1\Library\PackageCache\com.unity.visualscripting@1.6.1\Editor\VisualScripting.Core\Dependencies\YamlDotNet\Unity.VisualScripting.YamlDotNet.dll
Symbol file LoadedFromMemory doesn't match image C:\Users\Craig Zeki\Documents\GitHub\SpookyShootEmVR_Unity2021.1.18f1\Library\PackageCache\com.unity.visualscripting@1.6.1\Editor\VisualScripting.Core\Dependencies\DotNetZip\Unity.VisualScripting.IonicZip.dll
Native extension for WindowsStandalone target not found
Native extension for WebGL target not found
Refreshing native plugins compatible for Editor in 1.35 ms, found 6 plugins.
Preloading 0 native plugins for Editor in 0.00 ms.
Mono: successfully reloaded assembly
- Completed reload, in  2.949 seconds
Domain Reload Profiling:
	ReloadAssembly (2949ms)
		BeginReloadAssembly (230ms)
			ExecutionOrderSort (0ms)
			DisableScriptedObjects (6ms)
			BackupInstance (0ms)
			ReleaseScriptingObjects (0ms)
			CreateAndSetChildDomain (28ms)
		EndReloadAssembly (2628ms)
			LoadAssemblies (155ms)
			RebuildTransferFunctionScriptingTraits (0ms)
			SetupTypeCache (938ms)
			ReleaseScriptCaches (1ms)
			RebuildScriptCaches (223ms)
			SetupLoadedEditorAssemblies (901ms)
				LogAssemblyErrors (0ms)
				InitializePlatformSupportModulesInManaged (10ms)
				SetLoadedEditorAssemblies (1ms)
				RefreshPlugins (1ms)
				BeforeProcessingInitializeOnLoad (252ms)
				ProcessInitializeOnLoadAttributes (619ms)
				ProcessInitializeOnLoadMethodAttributes (7ms)
				AfterProcessingInitializeOnLoad (12ms)
				EditorAssembliesLoaded (0ms)
			ExecutionOrderSort2 (0ms)
			AwakeInstancesAfterBackupRestoration (9ms)
Platform modules already initialized, skipping
========================================================================
Worker process is ready to serve import requests
Launched and connected shader compiler UnityShaderCompiler.exe after 0.26 seconds
Refreshing native plugins compatible for Editor in 1.68 ms, found 6 plugins.
Preloading 0 native plugins for Editor in 0.00 ms.
Unloading 3694 Unused Serialized files (Serialized files now loaded: 0)
System memory in use before: 139.9 MB.
System memory in use after: 140.0 MB.

Unloading 26 unused Assets to reduce memory usage. Loaded Objects now: 4138.
Total: 5.871700 ms (FindLiveObjects: 0.317300 ms CreateObjectMapping: 0.274500 ms MarkObjects: 5.169400 ms  DeleteObjects: 0.108700 ms)

AssetImportParameters requested are different than current active one (requested -> active):
  custom:framework-win-MediaFoundation: 216162199b28c13a410421893ffa2e32 -> 
  custom:video-decoder-ogg-theora: a1e56fd34408186e4bbccfd4996cb3dc -> 
  custom:container-muxer-webm: aa71ff27fc2769a1b78a27578f13a17b -> 
  custom:container-demuxer-webm: 4f35f7cbe854078d1ac9338744f61a02 -> 
  custom:container-demuxer-ogg: 62fdf1f143b41e24485cea50d1cbac27 -> 
  custom:video-encoder-webm-vp8: eb34c28f22e8b96e1ab97ce403110664 -> 
  custom:video-codec-MediaFoundation-h265: 746d11721c4dcdbdad8f713fa42b33f4 -> 
  custom:video-decoder-webm-vp8: 9c59270c3fd7afecdb556c50c9e8de78 -> 
  custom:audio-decoder-ogg-vorbis: bf7c407c2cedff20999df2af8eb42d56 -> 
  custom:audio-encoder-webm-vorbis: bf7c407c2cedff20999df2af8eb42d56 -> 
========================================================================
Received Import Request.
  path: Assets/Scripts
  artifactKey: Guid(70a0a61861283e04bb91f1c3a2348d23) Importer(815301076,1909f56bfc062723c751e8b465ee728b)
Start importing Assets/Scripts using Guid(70a0a61861283e04bb91f1c3a2348d23) Importer(815301076,1909f56bfc062723c751e8b465ee728b)  -> (artifact id: '9638fa5fdec7a0ee4ee945fb9cf973d6') in 0.015998 seconds 
========================================================================
Received Import Request.
  Time since last request: 0.000207 seconds.
  path: Assets/Scripts/Target.cs
  artifactKey: Guid(55c165ae8d2951b438aca28522ec3680) Importer(815301076,1909f56bfc062723c751e8b465ee728b)
Start importing Assets/Scripts/Target.cs using Guid(55c165ae8d2951b438aca28522ec3680) Importer(815301076,1909f56bfc062723c751e8b465ee728b)  -> (artifact id: 'de4402fc980d1e57d32922ba34a44760') in 0.273402 seconds 
========================================================================
Received Prepare
Registering precompiled user dll's ...
Registered in 0.009792 seconds.
Begin MonoManager ReloadAssembly
Symbol file LoadedFromMemory doesn't match image C:\Users\Craig Zeki\Documents\GitHub\SpookyShootEmVR_Unity2021.1.18f1\Library\PackageCache\com.unity.visualscripting@1.6.1\Editor\VisualScripting.Core\Dependencies\YamlDotNet\Unity.VisualScripting.YamlDotNet.dll
Symbol file LoadedFromMemory doesn't match image C:\Users\Craig Zeki\Documents\GitHub\SpookyShootEmVR_Unity2021.1.18f1\Library\PackageCache\com.unity.visualscripting@1.6.1\Editor\VisualScripting.Core\Dependencies\DotNetZip\Unity.VisualScripting.IonicZip.dll
Native extension for WindowsStandalone target not found
Native extension for WebGL target not found
Refreshing native plugins compatible for Editor in 0.98 ms, found 6 plugins.
Preloading 0 native plugins for Editor in 0.00 ms.
Mono: successfully reloaded assembly
- Completed reload, in  1.516 seconds
Domain Reload Profiling:
	ReloadAssembly (1517ms)
		BeginReloadAssembly (169ms)
			ExecutionOrderSort (0ms)
			DisableScriptedObjects (5ms)
			BackupInstance (0ms)
			ReleaseScriptingObjects (0ms)
			CreateAndSetChildDomain (48ms)
		EndReloadAssembly (1271ms)
			LoadAssemblies (131ms)
			RebuildTransferFunctionScriptingTraits (0ms)
			SetupTypeCache (464ms)
			ReleaseScriptCaches (1ms)
			RebuildScriptCaches (53ms)
			SetupLoadedEditorAssemblies (512ms)
				LogAssemblyErrors (0ms)
				InitializePlatformSupportModulesInManaged (8ms)
				SetLoadedEditorAssemblies (0ms)
				RefreshPlugins (1ms)
				BeforeProcessingInitializeOnLoad (84ms)
				ProcessInitializeOnLoadAttributes (404ms)
				ProcessInitializeOnLoadMethodAttributes (4ms)
				AfterProcessingInitializeOnLoad (9ms)
				EditorAssembliesLoaded (0ms)
			ExecutionOrderSort2 (0ms)
			AwakeInstancesAfterBackupRestoration (8ms)
Platform modules already initialized, skipping
Refreshing native plugins compatible for Editor in 0.88 ms, found 6 plugins.
Preloading 0 native plugins for Editor in 0.00 ms.
Unloading 3636 Unused Serialized files (Serialized files now loaded: 0)
System memory in use before: 135.6 MB.
System memory in use after: 135.8 MB.

Unloading 21 unused Assets to reduce memory usage. Loaded Objects now: 4141.
Total: 4.251400 ms (FindLiveObjects: 0.289200 ms CreateObjectMapping: 0.263500 ms MarkObjects: 3.580200 ms  DeleteObjects: 0.117200 ms)

AssetImportParameters requested are different than current active one (requested -> active):
  custom:framework-win-MediaFoundation: 216162199b28c13a410421893ffa2e32 -> 
  custom:video-decoder-ogg-theora: a1e56fd34408186e4bbccfd4996cb3dc -> 
  custom:container-muxer-webm: aa71ff27fc2769a1b78a27578f13a17b -> 
  custom:container-demuxer-webm: 4f35f7cbe854078d1ac9338744f61a02 -> 
  custom:container-demuxer-ogg: 62fdf1f143b41e24485cea50d1cbac27 -> 
  custom:video-encoder-webm-vp8: eb34c28f22e8b96e1ab97ce403110664 -> 
  custom:video-codec-MediaFoundation-h265: 746d11721c4dcdbdad8f713fa42b33f4 -> 
  custom:video-decoder-webm-vp8: 9c59270c3fd7afecdb556c50c9e8de78 -> 
  custom:audio-decoder-ogg-vorbis: bf7c407c2cedff20999df2af8eb42d56 -> 
  custom:audio-encoder-webm-vorbis: bf7c407c2cedff20999df2af8eb42d56 -> 
========================================================================
Received Import Request.
  Time since last request: 894.987407 seconds.
  path: Assets/Scripts/Target.cs
  artifactKey: Guid(55c165ae8d2951b438aca28522ec3680) Importer(815301076,1909f56bfc062723c751e8b465ee728b)
Start importing Assets/Scripts/Target.cs using Guid(55c165ae8d2951b438aca28522ec3680) Importer(815301076,1909f56bfc062723c751e8b465ee728b)  -> (artifact id: '2dd17ac2d963c1dd9259540e96cecb36') in 0.008163 seconds 
========================================================================
Received Import Request.
  Time since last request: 6.957885 seconds.
  path: Assets/Scripts/ShootableObject.cs
  artifactKey: Guid(779d0eabddbc0ce4a9ee3e0b760635b0) Importer(815301076,1909f56bfc062723c751e8b465ee728b)
Start importing Assets/Scripts/ShootableObject.cs using Guid(779d0eabddbc0ce4a9ee3e0b760635b0) Importer(815301076,1909f56bfc062723c751e8b465ee728b)  -> (artifact id: 'ec7f29be9085093ddcc14a82891fc5d9') in 0.011963 seconds 
========================================================================
Received Import Request.
  Time since last request: 4334.782563 seconds.
  path: Assets/Scripts/Gun.cs
  artifactKey: Guid(470473f6feaaf6847a2d059c67c633e4) Importer(815301076,1909f56bfc062723c751e8b465ee728b)
Start importing Assets/Scripts/Gun.cs using Guid(470473f6feaaf6847a2d059c67c633e4) Importer(815301076,1909f56bfc062723c751e8b465ee728b)  -> (artifact id: 'bd06f14f52716ef930ef133759c761c3') in 0.035276 seconds 
========================================================================
Received Prepare
Registering precompiled user dll's ...
Registered in 0.011809 seconds.
Begin MonoManager ReloadAssembly
Symbol file LoadedFromMemory doesn't match image C:\Users\Craig Zeki\Documents\GitHub\SpookyShootEmVR_Unity2021.1.18f1\Library\PackageCache\com.unity.visualscripting@1.6.1\Editor\VisualScripting.Core\Dependencies\YamlDotNet\Unity.VisualScripting.YamlDotNet.dll
Symbol file LoadedFromMemory doesn't match image C:\Users\Craig Zeki\Documents\GitHub\SpookyShootEmVR_Unity2021.1.18f1\Library\PackageCache\com.unity.visualscripting@1.6.1\Editor\VisualScripting.Core\Dependencies\DotNetZip\Unity.VisualScripting.IonicZip.dll
Native extension for WindowsStandalone target not found
Native extension for WebGL target not found
Refreshing native plugins compatible for Editor in 1.11 ms, found 6 plugins.
Preloading 0 native plugins for Editor in 0.00 ms.
Mono: successfully reloaded assembly
- Completed reload, in  1.742 seconds
Domain Reload Profiling:
	ReloadAssembly (1742ms)
		BeginReloadAssembly (168ms)
			ExecutionOrderSort (0ms)
			DisableScriptedObjects (6ms)
			BackupInstance (0ms)
			ReleaseScriptingObjects (0ms)
			CreateAndSetChildDomain (53ms)
		EndReloadAssembly (1498ms)
			LoadAssemblies (129ms)
			RebuildTransferFunctionScriptingTraits (0ms)
			SetupTypeCache (441ms)
			ReleaseScriptCaches (1ms)
			RebuildScriptCaches (49ms)
			SetupLoadedEditorAssemblies (749ms)
				LogAssemblyErrors (0ms)
				InitializePlatformSupportModulesInManaged (7ms)
				SetLoadedEditorAssemblies (2ms)
				RefreshPlugins (1ms)
				BeforeProcessingInitializeOnLoad (84ms)
				ProcessInitializeOnLoadAttributes (640ms)
				ProcessInitializeOnLoadMethodAttributes (5ms)
				AfterProcessingInitializeOnLoad (9ms)
				EditorAssembliesLoaded (0ms)
			ExecutionOrderSort2 (0ms)
			AwakeInstancesAfterBackupRestoration (9ms)
Platform modules already initialized, skipping
Refreshing native plugins compatible for Editor in 0.89 ms, found 6 plugins.
Preloading 0 native plugins for Editor in 0.00 ms.
Unloading 3636 Unused Serialized files (Serialized files now loaded: 0)
System memory in use before: 135.6 MB.
System memory in use after: 135.8 MB.

Unloading 21 unused Assets to reduce memory usage. Loaded Objects now: 4144.
Total: 5.160600 ms (FindLiveObjects: 0.290700 ms CreateObjectMapping: 0.343900 ms MarkObjects: 4.340200 ms  DeleteObjects: 0.184000 ms)

AssetImportParameters requested are different than current active one (requested -> active):
  custom:framework-win-MediaFoundation: 216162199b28c13a410421893ffa2e32 -> 
  custom:video-decoder-ogg-theora: a1e56fd34408186e4bbccfd4996cb3dc -> 
  custom:container-muxer-webm: aa71ff27fc2769a1b78a27578f13a17b -> 
  custom:container-demuxer-webm: 4f35f7cbe854078d1ac9338744f61a02 -> 
  custom:container-demuxer-ogg: 62fdf1f143b41e24485cea50d1cbac27 -> 
  custom:video-encoder-webm-vp8: eb34c28f22e8b96e1ab97ce403110664 -> 
  custom:video-codec-MediaFoundation-h265: 746d11721c4dcdbdad8f713fa42b33f4 -> 
  custom:video-decoder-webm-vp8: 9c59270c3fd7afecdb556c50c9e8de78 -> 
  custom:audio-decoder-ogg-vorbis: bf7c407c2cedff20999df2af8eb42d56 -> 
  custom:audio-encoder-webm-vorbis: bf7c407c2cedff20999df2af8eb42d56 -> 
========================================================================
Received Import Request.
  Time since last request: 1056.118890 seconds.
  path: Assets/Scripts/Gun.cs
  artifactKey: Guid(470473f6feaaf6847a2d059c67c633e4) Importer(815301076,1909f56bfc062723c751e8b465ee728b)
Start importing Assets/Scripts/Gun.cs using Guid(470473f6feaaf6847a2d059c67c633e4) Importer(815301076,1909f56bfc062723c751e8b465ee728b)  -> (artifact id: '984e566dda5ee3049a5fbd7bc00d216e') in 0.009565 seconds 
========================================================================
Received Import Request.
  Time since last request: 50.839870 seconds.
  path: Assets/SteamVR/InteractionSystem/Longbow/Scripts/iAnimatableObject.cs
  artifactKey: Guid(af8b66b3b37804a43b03f10b5291abce) Importer(815301076,1909f56bfc062723c751e8b465ee728b)
Start importing Assets/SteamVR/InteractionSystem/Longbow/Scripts/iAnimatableObject.cs using Guid(af8b66b3b37804a43b03f10b5291abce) Importer(815301076,1909f56bfc062723c751e8b465ee728b)  -> (artifact id: '0e43d84de9f75ce95401122519238567') in 0.009470 seconds 
========================================================================
Received Import Request.
  Time since last request: 18.606442 seconds.
  path: Assets/Prefabs/Area Light Green.prefab
  artifactKey: Guid(cc512dc578b68b043b4e53c933fb772f) Importer(815301076,1909f56bfc062723c751e8b465ee728b)
Start importing Assets/Prefabs/Area Light Green.prefab using Guid(cc512dc578b68b043b4e53c933fb772f) Importer(815301076,1909f56bfc062723c751e8b465ee728b)  -> (artifact id: 'b777dcde09832c97490b170d28f4eed6') in 0.101997 seconds 
========================================================================
Received Import Request.
  Time since last request: 0.000333 seconds.
  path: Assets/Prefabs/Helper.prefab
  artifactKey: Guid(c42946e4afe598a47ba1cd1608840680) Importer(815301076,1909f56bfc062723c751e8b465ee728b)
Start importing Assets/Prefabs/Helper.prefab using Guid(c42946e4afe598a47ba1cd1608840680) Importer(815301076,1909f56bfc062723c751e8b465ee728b)  -> (artifact id: '4fd84fc206d24de92dbb50fe315d28bf') in 1.031176 seconds 
========================================================================
Received Import Request.
  Time since last request: 0.000205 seconds.
  path: Assets/Prefabs/ResetButton.prefab
  artifactKey: Guid(ac189b01b8552ca469d435ec59c65680) Importer(815301076,1909f56bfc062723c751e8b465ee728b)
Start importing Assets/Prefabs/ResetButton.prefab using Guid(ac189b01b8552ca469d435ec59c65680) Importer(815301076,1909f56bfc062723c751e8b465ee728b)  -> (artifact id: 'cf5c93b512cf556e1b59c1fe0785e071') in 0.206978 seconds 
========================================================================
Received Import Request.
  Time since last request: 0.000103 seconds.
  path: Assets/Prefabs/InvisibleScreen.prefab
  artifactKey: Guid(c963a15998d1bf94dbf70d6f6899bd11) Importer(815301076,1909f56bfc062723c751e8b465ee728b)
Start importing Assets/Prefabs/InvisibleScreen.prefab using Guid(c963a15998d1bf94dbf70d6f6899bd11) Importer(815301076,1909f56bfc062723c751e8b465ee728b)  -> (artifact id: '84936ac3ccfe8ea194bae05d92c9822c') in 0.090951 seconds 
========================================================================
Received Import Request.
  Time since last request: 0.000182 seconds.
  path: Assets/Prefabs/pistol1.prefab
  artifactKey: Guid(6b35c9472dea25141b3942845e45fe51) Importer(815301076,1909f56bfc062723c751e8b465ee728b)
Start importing Assets/Prefabs/pistol1.prefab using Guid(6b35c9472dea25141b3942845e45fe51) Importer(815301076,1909f56bfc062723c751e8b465ee728b)  -> (artifact id: 'f0989d1bb1c0548ff02caecc3d36e5ae') in 1.412400 seconds 
========================================================================
Received Import Request.
  Time since last request: 0.000377 seconds.
  path: Assets/Prefabs/GhostTrainCartBakeTest.prefab
  artifactKey: Guid(1fa541ec7e9aec64ea7408f6a5cb3fa8) Importer(815301076,1909f56bfc062723c751e8b465ee728b)
Start importing Assets/Prefabs/GhostTrainCartBakeTest.prefab using Guid(1fa541ec7e9aec64ea7408f6a5cb3fa8) Importer(815301076,1909f56bfc062723c751e8b465ee728b)  -> (artifact id: '1b94a685bd4fd65936879c8f38382b35') in 0.293499 seconds 
========================================================================
Received Import Request.
  Time since last request: 0.000515 seconds.
  path: Assets/Prefabs/Balloon.prefab
  artifactKey: Guid(1f864872831c85c48806731590acffee) Importer(815301076,1909f56bfc062723c751e8b465ee728b)
Start importing Assets/Prefabs/Balloon.prefab using Guid(1f864872831c85c48806731590acffee) Importer(815301076,1909f56bfc062723c751e8b465ee728b)  -> (artifact id: '2e92b391c4e1651b98020f769bc79716') in 0.344963 seconds 
========================================================================
Received Import Request.
  Time since last request: 0.000345 seconds.
  path: Assets/Prefabs/GhostTrainRide.prefab
  artifactKey: Guid(e710def3fe4ca984b87c183e8d0547af) Importer(815301076,1909f56bfc062723c751e8b465ee728b)
Start importing Assets/Prefabs/GhostTrainRide.prefab using Guid(e710def3fe4ca984b87c183e8d0547af) Importer(815301076,1909f56bfc062723c751e8b465ee728b)  -> (artifact id: 'f479ebc8c9f6f111cee4ff8a5496afca') in 1.157392 seconds 
========================================================================
Received Import Request.
  Time since last request: 0.000227 seconds.
  path: Assets/Prefabs/Pistol_Table_Round.prefab
  artifactKey: Guid(895e9bf4fb043034d96440d0a69f4a0e) Importer(815301076,1909f56bfc062723c751e8b465ee728b)
Start importing Assets/Prefabs/Pistol_Table_Round.prefab using Guid(895e9bf4fb043034d96440d0a69f4a0e) Importer(815301076,1909f56bfc062723c751e8b465ee728b)  -> (artifact id: '2f8688be8481fe4a91e9576c8e536da8') in 0.283891 seconds 
========================================================================
Received Import Request.
  Time since last request: 0.000360 seconds.
  path: Assets/Prefabs/Target.prefab
  artifactKey: Guid(c715e55a2b57f624c893b45015ee1021) Importer(815301076,1909f56bfc062723c751e8b465ee728b)
Start importing Assets/Prefabs/Target.prefab using Guid(c715e55a2b57f624c893b45015ee1021) Importer(815301076,1909f56bfc062723c751e8b465ee728b)  -> (artifact id: 'cf1306d6c22a283020d05f4a31fcd786') in 0.036065 seconds 
========================================================================
Received Import Request.
  Time since last request: 0.000391 seconds.
  path: Assets/Prefabs/Area Light Purple.prefab
  artifactKey: Guid(89c2c89e9f3c7fd4fae67d29e5e4ad97) Importer(815301076,1909f56bfc062723c751e8b465ee728b)
Start importing Assets/Prefabs/Area Light Purple.prefab using Guid(89c2c89e9f3c7fd4fae67d29e5e4ad97) Importer(815301076,1909f56bfc062723c751e8b465ee728b)  -> (artifact id: 'd5102aae1b63d7d88170212e047f1a2b') in 0.008674 seconds 
========================================================================
Received Import Request.
  Time since last request: 0.000388 seconds.
  path: Assets/Prefabs/Screen.prefab
  artifactKey: Guid(0746fd398efb8ed4d87f05a81ba3591b) Importer(815301076,1909f56bfc062723c751e8b465ee728b)
Start importing Assets/Prefabs/Screen.prefab using Guid(0746fd398efb8ed4d87f05a81ba3591b) Importer(815301076,1909f56bfc062723c751e8b465ee728b)  -> (artifact id: 'e06f7157b27c71d6e16beabf0fed9a45') in 0.040349 seconds 
========================================================================
Received Import Request.
  Time since last request: 0.000216 seconds.
  path: Assets/Prefabs/yeti.prefab
  artifactKey: Guid(7a40060d807ce7e428d4274a513bbee0) Importer(815301076,1909f56bfc062723c751e8b465ee728b)
Start importing Assets/Prefabs/yeti.prefab using Guid(7a40060d807ce7e428d4274a513bbee0) Importer(815301076,1909f56bfc062723c751e8b465ee728b)  -> (artifact id: '054cd8f5c0aed456dd548d6e454d2851') in 0.156786 seconds 
========================================================================
Received Import Request.
  Time since last request: 0.000406 seconds.
  path: Assets/Prefabs/Barrel2Ani.prefab
  artifactKey: Guid(2f3b0dfa631f2c04fb9e99243d844baf) Importer(815301076,1909f56bfc062723c751e8b465ee728b)
Start importing Assets/Prefabs/Barrel2Ani.prefab using Guid(2f3b0dfa631f2c04fb9e99243d844baf) Importer(815301076,1909f56bfc062723c751e8b465ee728b)  -> (artifact id: '21b112da1c3597276acb438c981dedc0') in 0.370663 seconds 
========================================================================
Received Import Request.
  Time since last request: 0.000437 seconds.
  path: Assets/Prefabs/BalloonSpawner.prefab
  artifactKey: Guid(b2a42555a715ef048816b10fa3bdc2ce) Importer(815301076,1909f56bfc062723c751e8b465ee728b)
Start importing Assets/Prefabs/BalloonSpawner.prefab using Guid(b2a42555a715ef048816b10fa3bdc2ce) Importer(815301076,1909f56bfc062723c751e8b465ee728b)  -> (artifact id: '7a3154fdfb8beb268c01efedc1a1c4c5') in 0.017344 seconds 
========================================================================
Received Import Request.
  Time since last request: 0.000384 seconds.
  path: Assets/Prefabs/GTPlayer.prefab
  artifactKey: Guid(f1889180b43787c448a6d4c9434167cb) Importer(815301076,1909f56bfc062723c751e8b465ee728b)
Start importing Assets/Prefabs/GTPlayer.prefab using Guid(f1889180b43787c448a6d4c9434167cb) Importer(815301076,1909f56bfc062723c751e8b465ee728b)  -> (artifact id: 'e00f4a20917a827c627c24967a7afa3e') in 0.190721 seconds 
========================================================================
Received Import Request.
  Time since last request: 0.000319 seconds.
  path: Assets/Prefabs/Barrel.prefab
  artifactKey: Guid(200b5453062340f418604274811c46c2) Importer(815301076,1909f56bfc062723c751e8b465ee728b)
Start importing Assets/Prefabs/Barrel.prefab using Guid(200b5453062340f418604274811c46c2) Importer(815301076,1909f56bfc062723c751e8b465ee728b)  -> (artifact id: 'c335be3b674dd3a09103303d15bef9d2') in 0.068718 seconds 
========================================================================
Received Import Request.
  Time since last request: 62.632762 seconds.
  path: Assets/Scripts/iAnimatableObject.cs
  artifactKey: Guid(af8b66b3b37804a43b03f10b5291abce) Importer(815301076,1909f56bfc062723c751e8b465ee728b)
Start importing Assets/Scripts/iAnimatableObject.cs using Guid(af8b66b3b37804a43b03f10b5291abce) Importer(815301076,1909f56bfc062723c751e8b465ee728b)  -> (artifact id: 'e57bfc01d0f61311ef69bfdf220c44d7') in 0.005590 seconds 
========================================================================
Received Import Request.
  Time since last request: 6.378303 seconds.
  path: Assets/Meshs/Barrel2.fbx
  artifactKey: Guid(a107fea27693e4545b22b0cc141a17d5) Importer(815301076,1909f56bfc062723c751e8b465ee728b)
Start importing Assets/Meshs/Barrel2.fbx using Guid(a107fea27693e4545b22b0cc141a17d5) Importer(815301076,1909f56bfc062723c751e8b465ee728b)  -> (artifact id: '375c9ab38419ba1cc7b1d490ad5b38d0') in 0.444543 seconds 
========================================================================
Received Import Request.
  Time since last request: 0.000339 seconds.
  path: Assets/Textures/Barrel/BarrelWoodBakedTextureNormal.png
  artifactKey: Guid(36a248cb1317b07408ef800dcaf3fe89) Importer(815301076,1909f56bfc062723c751e8b465ee728b)
Start importing Assets/Textures/Barrel/BarrelWoodBakedTextureNormal.png using Guid(36a248cb1317b07408ef800dcaf3fe89) Importer(815301076,1909f56bfc062723c751e8b465ee728b)  -> (artifact id: '477da76864967fb0bd7a20e6f07a4bb5') in 0.234489 seconds 
========================================================================
Received Import Request.
  Time since last request: 0.000338 seconds.
  path: Assets/Meshs/Barrel2Ani.blend
  artifactKey: Guid(2acfd2b68ce306a47a9a3c9bdb92c502) Importer(815301076,1909f56bfc062723c751e8b465ee728b)
Start importing Assets/Meshs/Barrel2Ani.blend using Guid(2acfd2b68ce306a47a9a3c9bdb92c502) Importer(815301076,1909f56bfc062723c751e8b465ee728b)  -> (artifact id: '732af3dce4577cd0d5635e88433f2029') in 0.099049 seconds 
========================================================================
Received Import Request.
  Time since last request: 0.000247 seconds.
  path: Assets/Textures/Barrel/BarrelWoodBakedTextureBase.png
  artifactKey: Guid(742dd3dd4c21a824891cbfc1f050b59f) Importer(815301076,1909f56bfc062723c751e8b465ee728b)
Start importing Assets/Textures/Barrel/BarrelWoodBakedTextureBase.png using Guid(742dd3dd4c21a824891cbfc1f050b59f) Importer(815301076,1909f56bfc062723c751e8b465ee728b)  -> (artifact id: 'ed58e1e5160e0e7944abd8cde40f9cda') in 0.023747 seconds 
========================================================================
Received Import Request.
  Time since last request: 0.000276 seconds.
  path: Assets/Materials/Barrel/BarrelWood.mat
  artifactKey: Guid(281629fa283ecb144940de5e2a17b4e2) Importer(815301076,1909f56bfc062723c751e8b465ee728b)
Start importing Assets/Materials/Barrel/BarrelWood.mat using Guid(281629fa283ecb144940de5e2a17b4e2) Importer(815301076,1909f56bfc062723c751e8b465ee728b)  -> (artifact id: 'a627c7b6eb6ba5f0591410128bd431de') in 0.030568 seconds 
========================================================================
Received Import Request.
  Time since last request: 0.000283 seconds.
  path: Assets/Textures/Barrel/BarrelWoodBakedTextureAO.png
  artifactKey: Guid(3aca125fd08b2694c9cc3103d1dba8ce) Importer(815301076,1909f56bfc062723c751e8b465ee728b)
Start importing Assets/Textures/Barrel/BarrelWoodBakedTextureAO.png using Guid(3aca125fd08b2694c9cc3103d1dba8ce) Importer(815301076,1909f56bfc062723c751e8b465ee728b)  -> (artifact id: '785f04e300a74bf198f0f0f98eb26c9d') in 0.021114 seconds 
========================================================================
Received Import Request.
  Time since last request: 1.787294 seconds.
  path: Assets/SteamVR/InteractionSystem/Longbow/Scripts/Barrel.cs
  artifactKey: Guid(93be1e2bdbb218841b2dc0be81c08b3e) Importer(815301076,1909f56bfc062723c751e8b465ee728b)
Start importing Assets/SteamVR/InteractionSystem/Longbow/Scripts/Barrel.cs using Guid(93be1e2bdbb218841b2dc0be81c08b3e) Importer(815301076,1909f56bfc062723c751e8b465ee728b)  -> (artifact id: '37f44e0732dc987d7bb4ec9bd2f29f9d') in 0.004736 seconds 
========================================================================
Received Prepare
Registering precompiled user dll's ...
Registered in 0.010344 seconds.
Begin MonoManager ReloadAssembly
Symbol file LoadedFromMemory doesn't match image C:\Users\Craig Zeki\Documents\GitHub\SpookyShootEmVR_Unity2021.1.18f1\Library\PackageCache\com.unity.visualscripting@1.6.1\Editor\VisualScripting.Core\Dependencies\YamlDotNet\Unity.VisualScripting.YamlDotNet.dll
Symbol file LoadedFromMemory doesn't match image C:\Users\Craig Zeki\Documents\GitHub\SpookyShootEmVR_Unity2021.1.18f1\Library\PackageCache\com.unity.visualscripting@1.6.1\Editor\VisualScripting.Core\Dependencies\DotNetZip\Unity.VisualScripting.IonicZip.dll
Native extension for WindowsStandalone target not found
Native extension for WebGL target not found
Refreshing native plugins compatible for Editor in 0.85 ms, found 6 plugins.
Preloading 0 native plugins for Editor in 0.00 ms.
Mono: successfully reloaded assembly
- Completed reload, in  1.593 seconds
Domain Reload Profiling:
	ReloadAssembly (1594ms)
		BeginReloadAssembly (163ms)
			ExecutionOrderSort (0ms)
			DisableScriptedObjects (5ms)
			BackupInstance (0ms)
			ReleaseScriptingObjects (0ms)
			CreateAndSetChildDomain (48ms)
		EndReloadAssembly (1346ms)
			LoadAssemblies (129ms)
			RebuildTransferFunctionScriptingTraits (0ms)
			SetupTypeCache (453ms)
			ReleaseScriptCaches (1ms)
			RebuildScriptCaches (52ms)
			SetupLoadedEditorAssemblies (582ms)
				LogAssemblyErrors (0ms)
				InitializePlatformSupportModulesInManaged (7ms)
				SetLoadedEditorAssemblies (0ms)
				RefreshPlugins (1ms)
				BeforeProcessingInitializeOnLoad (83ms)
				ProcessInitializeOnLoadAttributes (476ms)
				ProcessInitializeOnLoadMethodAttributes (5ms)
				AfterProcessingInitializeOnLoad (9ms)
				EditorAssembliesLoaded (0ms)
			ExecutionOrderSort2 (0ms)
			AwakeInstancesAfterBackupRestoration (14ms)
Platform modules already initialized, skipping
Refreshing native plugins compatible for Editor in 0.85 ms, found 6 plugins.
Preloading 0 native plugins for Editor in 0.00 ms.
Unloading 3639 Unused Serialized files (Serialized files now loaded: 0)
System memory in use before: 169.6 MB.
System memory in use after: 169.8 MB.

Unloading 22 unused Assets to reduce memory usage. Loaded Objects now: 4247.
Total: 4.329700 ms (FindLiveObjects: 0.318900 ms CreateObjectMapping: 0.229400 ms MarkObjects: 3.695300 ms  DeleteObjects: 0.084500 ms)

AssetImportParameters requested are different than current active one (requested -> active):
  custom:framework-win-MediaFoundation: 216162199b28c13a410421893ffa2e32 -> 
  custom:video-decoder-ogg-theora: a1e56fd34408186e4bbccfd4996cb3dc -> 
  custom:container-muxer-webm: aa71ff27fc2769a1b78a27578f13a17b -> 
  custom:container-demuxer-webm: 4f35f7cbe854078d1ac9338744f61a02 -> 
  custom:container-demuxer-ogg: 62fdf1f143b41e24485cea50d1cbac27 -> 
  custom:video-encoder-webm-vp8: eb34c28f22e8b96e1ab97ce403110664 -> 
  custom:video-codec-MediaFoundation-h265: 746d11721c4dcdbdad8f713fa42b33f4 -> 
  custom:video-decoder-webm-vp8: 9c59270c3fd7afecdb556c50c9e8de78 -> 
  custom:audio-decoder-ogg-vorbis: bf7c407c2cedff20999df2af8eb42d56 -> 
  custom:audio-encoder-webm-vorbis: bf7c407c2cedff20999df2af8eb42d56 -> 
========================================================================
Received Prepare
Registering precompiled user dll's ...
Registered in 0.010134 seconds.
Begin MonoManager ReloadAssembly
Symbol file LoadedFromMemory doesn't match image C:\Users\Craig Zeki\Documents\GitHub\SpookyShootEmVR_Unity2021.1.18f1\Library\PackageCache\com.unity.visualscripting@1.6.1\Editor\VisualScripting.Core\Dependencies\YamlDotNet\Unity.VisualScripting.YamlDotNet.dll
Symbol file LoadedFromMemory doesn't match image C:\Users\Craig Zeki\Documents\GitHub\SpookyShootEmVR_Unity2021.1.18f1\Library\PackageCache\com.unity.visualscripting@1.6.1\Editor\VisualScripting.Core\Dependencies\DotNetZip\Unity.VisualScripting.IonicZip.dll
Native extension for WindowsStandalone target not found
Native extension for WebGL target not found
Refreshing native plugins compatible for Editor in 0.88 ms, found 6 plugins.
Preloading 0 native plugins for Editor in 0.00 ms.
Mono: successfully reloaded assembly
- Completed reload, in  1.567 seconds
Domain Reload Profiling:
	ReloadAssembly (1567ms)
		BeginReloadAssembly (172ms)
			ExecutionOrderSort (0ms)
			DisableScriptedObjects (8ms)
			BackupInstance (0ms)
			ReleaseScriptingObjects (0ms)
			CreateAndSetChildDomain (47ms)
		EndReloadAssembly (1319ms)
			LoadAssemblies (133ms)
			RebuildTransferFunctionScriptingTraits (0ms)
			SetupTypeCache (466ms)
			ReleaseScriptCaches (1ms)
			RebuildScriptCaches (55ms)
			SetupLoadedEditorAssemblies (541ms)
				LogAssemblyErrors (0ms)
				InitializePlatformSupportModulesInManaged (7ms)
				SetLoadedEditorAssemblies (1ms)
				RefreshPlugins (1ms)
				BeforeProcessingInitializeOnLoad (87ms)
				ProcessInitializeOnLoadAttributes (429ms)
				ProcessInitializeOnLoadMethodAttributes (5ms)
				AfterProcessingInitializeOnLoad (11ms)
				EditorAssembliesLoaded (0ms)
			ExecutionOrderSort2 (0ms)
			AwakeInstancesAfterBackupRestoration (14ms)
Platform modules already initialized, skipping
Refreshing native plugins compatible for Editor in 0.88 ms, found 6 plugins.
Preloading 0 native plugins for Editor in 0.00 ms.
Unloading 3636 Unused Serialized files (Serialized files now loaded: 0)
System memory in use before: 169.6 MB.
System memory in use after: 169.7 MB.

Unloading 21 unused Assets to reduce memory usage. Loaded Objects now: 4250.
Total: 4.778900 ms (FindLiveObjects: 0.272400 ms CreateObjectMapping: 0.189400 ms MarkObjects: 4.207900 ms  DeleteObjects: 0.108000 ms)

AssetImportParameters requested are different than current active one (requested -> active):
  custom:framework-win-MediaFoundation: 216162199b28c13a410421893ffa2e32 -> 
  custom:video-decoder-ogg-theora: a1e56fd34408186e4bbccfd4996cb3dc -> 
  custom:container-muxer-webm: aa71ff27fc2769a1b78a27578f13a17b -> 
  custom:container-demuxer-webm: 4f35f7cbe854078d1ac9338744f61a02 -> 
  custom:container-demuxer-ogg: 62fdf1f143b41e24485cea50d1cbac27 -> 
  custom:video-encoder-webm-vp8: eb34c28f22e8b96e1ab97ce403110664 -> 
  custom:video-codec-MediaFoundation-h265: 746d11721c4dcdbdad8f713fa42b33f4 -> 
  custom:video-decoder-webm-vp8: 9c59270c3fd7afecdb556c50c9e8de78 -> 
  custom:audio-decoder-ogg-vorbis: bf7c407c2cedff20999df2af8eb42d56 -> 
  custom:audio-encoder-webm-vorbis: bf7c407c2cedff20999df2af8eb42d56 -> 
========================================================================
Received Import Request.
  Time since last request: 647.963380 seconds.
  path: Assets/Scripts/Barrel.cs
  artifactKey: Guid(93be1e2bdbb218841b2dc0be81c08b3e) Importer(815301076,1909f56bfc062723c751e8b465ee728b)
Start importing Assets/Scripts/Barrel.cs using Guid(93be1e2bdbb218841b2dc0be81c08b3e) Importer(815301076,1909f56bfc062723c751e8b465ee728b)  -> (artifact id: 'b15e9dd1b0bf232ebd771301a409b920') in 0.007313 seconds 
========================================================================
Received Import Request.
  Time since last request: 193.733646 seconds.
  path: Assets/Scripts/IShootable.cs
  artifactKey: Guid(27abcfd1c2890b347ad160c9f3f9ad01) Importer(815301076,1909f56bfc062723c751e8b465ee728b)
Start importing Assets/Scripts/IShootable.cs using Guid(27abcfd1c2890b347ad160c9f3f9ad01) Importer(815301076,1909f56bfc062723c751e8b465ee728b)  -> (artifact id: '5c3f4df36a7a686d6de5e7d68f0cf4b3') in 0.010928 seconds 
========================================================================
Received Import Request.
  Time since last request: 1356.180232 seconds.
  path: Assets/Helper.cs
  artifactKey: Guid(eab1be7d7ccbc2a49864db43bd46db01) Importer(815301076,1909f56bfc062723c751e8b465ee728b)
Start importing Assets/Helper.cs using Guid(eab1be7d7ccbc2a49864db43bd46db01) Importer(815301076,1909f56bfc062723c751e8b465ee728b)  -> (artifact id: '49d5604bf6c88ed87c4aaf0a54106209') in 0.006455 seconds 
========================================================================
Received Prepare
Registering precompiled user dll's ...
Registered in 0.010920 seconds.
Begin MonoManager ReloadAssembly
Symbol file LoadedFromMemory doesn't match image C:\Users\Craig Zeki\Documents\GitHub\SpookyShootEmVR_Unity2021.1.18f1\Library\PackageCache\com.unity.visualscripting@1.6.1\Editor\VisualScripting.Core\Dependencies\YamlDotNet\Unity.VisualScripting.YamlDotNet.dll
Symbol file LoadedFromMemory doesn't match image C:\Users\Craig Zeki\Documents\GitHub\SpookyShootEmVR_Unity2021.1.18f1\Library\PackageCache\com.unity.visualscripting@1.6.1\Editor\VisualScripting.Core\Dependencies\DotNetZip\Unity.VisualScripting.IonicZip.dll
Native extension for WindowsStandalone target not found
Native extension for WebGL target not found
Refreshing native plugins compatible for Editor in 1.05 ms, found 6 plugins.
Preloading 0 native plugins for Editor in 0.00 ms.
Mono: successfully reloaded assembly
- Completed reload, in  1.478 seconds
Domain Reload Profiling:
	ReloadAssembly (1479ms)
		BeginReloadAssembly (148ms)
			ExecutionOrderSort (0ms)
			DisableScriptedObjects (7ms)
			BackupInstance (0ms)
			ReleaseScriptingObjects (0ms)
			CreateAndSetChildDomain (42ms)
		EndReloadAssembly (1256ms)
			LoadAssemblies (121ms)
			RebuildTransferFunctionScriptingTraits (0ms)
			SetupTypeCache (440ms)
			ReleaseScriptCaches (1ms)
			RebuildScriptCaches (48ms)
			SetupLoadedEditorAssemblies (523ms)
				LogAssemblyErrors (0ms)
				InitializePlatformSupportModulesInManaged (6ms)
				SetLoadedEditorAssemblies (0ms)
				RefreshPlugins (1ms)
				BeforeProcessingInitializeOnLoad (82ms)
				ProcessInitializeOnLoadAttributes (419ms)
				ProcessInitializeOnLoadMethodAttributes (5ms)
				AfterProcessingInitializeOnLoad (9ms)
				EditorAssembliesLoaded (0ms)
			ExecutionOrderSort2 (0ms)
			AwakeInstancesAfterBackupRestoration (13ms)
Platform modules already initialized, skipping
Refreshing native plugins compatible for Editor in 0.97 ms, found 6 plugins.
Preloading 0 native plugins for Editor in 0.00 ms.
Unloading 3636 Unused Serialized files (Serialized files now loaded: 0)
System memory in use before: 169.6 MB.
System memory in use after: 169.8 MB.

Unloading 21 unused Assets to reduce memory usage. Loaded Objects now: 4253.
Total: 3.852000 ms (FindLiveObjects: 0.289600 ms CreateObjectMapping: 0.214800 ms MarkObjects: 3.215200 ms  DeleteObjects: 0.131300 ms)

AssetImportParameters requested are different than current active one (requested -> active):
  custom:framework-win-MediaFoundation: 216162199b28c13a410421893ffa2e32 -> 
  custom:video-decoder-ogg-theora: a1e56fd34408186e4bbccfd4996cb3dc -> 
  custom:container-muxer-webm: aa71ff27fc2769a1b78a27578f13a17b -> 
  custom:container-demuxer-webm: 4f35f7cbe854078d1ac9338744f61a02 -> 
  custom:container-demuxer-ogg: 62fdf1f143b41e24485cea50d1cbac27 -> 
  custom:video-encoder-webm-vp8: eb34c28f22e8b96e1ab97ce403110664 -> 
  custom:video-codec-MediaFoundation-h265: 746d11721c4dcdbdad8f713fa42b33f4 -> 
  custom:video-decoder-webm-vp8: 9c59270c3fd7afecdb556c50c9e8de78 -> 
  custom:audio-decoder-ogg-vorbis: bf7c407c2cedff20999df2af8eb42d56 -> 
  custom:audio-encoder-webm-vorbis: bf7c407c2cedff20999df2af8eb42d56 -> 
========================================================================
Received Prepare
Registering precompiled user dll's ...
Registered in 0.010174 seconds.
Begin MonoManager ReloadAssembly
Symbol file LoadedFromMemory doesn't match image C:\Users\Craig Zeki\Documents\GitHub\SpookyShootEmVR_Unity2021.1.18f1\Library\PackageCache\com.unity.visualscripting@1.6.1\Editor\VisualScripting.Core\Dependencies\YamlDotNet\Unity.VisualScripting.YamlDotNet.dll
Symbol file LoadedFromMemory doesn't match image C:\Users\Craig Zeki\Documents\GitHub\SpookyShootEmVR_Unity2021.1.18f1\Library\PackageCache\com.unity.visualscripting@1.6.1\Editor\VisualScripting.Core\Dependencies\DotNetZip\Unity.VisualScripting.IonicZip.dll
Native extension for WindowsStandalone target not found
Native extension for WebGL target not found
Refreshing native plugins compatible for Editor in 0.90 ms, found 6 plugins.
Preloading 0 native plugins for Editor in 0.00 ms.
Mono: successfully reloaded assembly
- Completed reload, in  1.553 seconds
Domain Reload Profiling:
	ReloadAssembly (1553ms)
		BeginReloadAssembly (162ms)
			ExecutionOrderSort (0ms)
			DisableScriptedObjects (7ms)
			BackupInstance (0ms)
			ReleaseScriptingObjects (0ms)
			CreateAndSetChildDomain (43ms)
		EndReloadAssembly (1314ms)
			LoadAssemblies (126ms)
			RebuildTransferFunctionScriptingTraits (0ms)
			SetupTypeCache (509ms)
			ReleaseScriptCaches (1ms)
			RebuildScriptCaches (52ms)
			SetupLoadedEditorAssemblies (502ms)
				LogAssemblyErrors (0ms)
				InitializePlatformSupportModulesInManaged (7ms)
				SetLoadedEditorAssemblies (1ms)
				RefreshPlugins (1ms)
				BeforeProcessingInitializeOnLoad (84ms)
				ProcessInitializeOnLoadAttributes (395ms)
				ProcessInitializeOnLoadMethodAttributes (5ms)
				AfterProcessingInitializeOnLoad (10ms)
				EditorAssembliesLoaded (0ms)
			ExecutionOrderSort2 (0ms)
			AwakeInstancesAfterBackupRestoration (14ms)
Platform modules already initialized, skipping
Refreshing native plugins compatible for Editor in 0.87 ms, found 6 plugins.
Preloading 0 native plugins for Editor in 0.00 ms.
Unloading 3636 Unused Serialized files (Serialized files now loaded: 0)
System memory in use before: 169.6 MB.
System memory in use after: 169.8 MB.

Unloading 21 unused Assets to reduce memory usage. Loaded Objects now: 4256.
Total: 4.822500 ms (FindLiveObjects: 0.308300 ms CreateObjectMapping: 0.221600 ms MarkObjects: 4.218900 ms  DeleteObjects: 0.072000 ms)

AssetImportParameters requested are different than current active one (requested -> active):
  custom:framework-win-MediaFoundation: 216162199b28c13a410421893ffa2e32 -> 
  custom:video-decoder-ogg-theora: a1e56fd34408186e4bbccfd4996cb3dc -> 
  custom:container-muxer-webm: aa71ff27fc2769a1b78a27578f13a17b -> 
  custom:container-demuxer-webm: 4f35f7cbe854078d1ac9338744f61a02 -> 
  custom:container-demuxer-ogg: 62fdf1f143b41e24485cea50d1cbac27 -> 
  custom:video-encoder-webm-vp8: eb34c28f22e8b96e1ab97ce403110664 -> 
  custom:video-codec-MediaFoundation-h265: 746d11721c4dcdbdad8f713fa42b33f4 -> 
  custom:video-decoder-webm-vp8: 9c59270c3fd7afecdb556c50c9e8de78 -> 
  custom:audio-decoder-ogg-vorbis: bf7c407c2cedff20999df2af8eb42d56 -> 
  custom:audio-encoder-webm-vorbis: bf7c407c2cedff20999df2af8eb42d56 -> 
========================================================================
Received Import Request.
  Time since last request: 486.485324 seconds.
  path: Assets/Scripts/ScoringSystem.cs
  artifactKey: Guid(72bb32ea1cbedb5498fc0366987a73b7) Importer(815301076,1909f56bfc062723c751e8b465ee728b)
Start importing Assets/Scripts/ScoringSystem.cs using Guid(72bb32ea1cbedb5498fc0366987a73b7) Importer(815301076,1909f56bfc062723c751e8b465ee728b)  -> (artifact id: '9a4dc8f202f37e7e910c5bbb87f66316') in 0.020060 seconds 
========================================================================
Received Prepare
Registering precompiled user dll's ...
Registered in 0.011162 seconds.
Begin MonoManager ReloadAssembly
Symbol file LoadedFromMemory doesn't match image C:\Users\Craig Zeki\Documents\GitHub\SpookyShootEmVR_Unity2021.1.18f1\Library\PackageCache\com.unity.visualscripting@1.6.1\Editor\VisualScripting.Core\Dependencies\YamlDotNet\Unity.VisualScripting.YamlDotNet.dll
Symbol file LoadedFromMemory doesn't match image C:\Users\Craig Zeki\Documents\GitHub\SpookyShootEmVR_Unity2021.1.18f1\Library\PackageCache\com.unity.visualscripting@1.6.1\Editor\VisualScripting.Core\Dependencies\DotNetZip\Unity.VisualScripting.IonicZip.dll
Native extension for WindowsStandalone target not found
Native extension for WebGL target not found
Refreshing native plugins compatible for Editor in 1.36 ms, found 6 plugins.
Preloading 0 native plugins for Editor in 0.00 ms.
Mono: successfully reloaded assembly
- Completed reload, in  1.718 seconds
Domain Reload Profiling:
	ReloadAssembly (1719ms)
		BeginReloadAssembly (166ms)
			ExecutionOrderSort (0ms)
			DisableScriptedObjects (7ms)
			BackupInstance (0ms)
			ReleaseScriptingObjects (0ms)
			CreateAndSetChildDomain (47ms)
		EndReloadAssembly (1475ms)
			LoadAssemblies (131ms)
			RebuildTransferFunctionScriptingTraits (0ms)
			SetupTypeCache (483ms)
			ReleaseScriptCaches (1ms)
			RebuildScriptCaches (76ms)
			SetupLoadedEditorAssemblies (642ms)
				LogAssemblyErrors (0ms)
				InitializePlatformSupportModulesInManaged (13ms)
				SetLoadedEditorAssemblies (1ms)
				RefreshPlugins (6ms)
				BeforeProcessingInitializeOnLoad (98ms)
				ProcessInitializeOnLoadAttributes (508ms)
				ProcessInitializeOnLoadMethodAttributes (6ms)
				AfterProcessingInitializeOnLoad (10ms)
				EditorAssembliesLoaded (0ms)
			ExecutionOrderSort2 (0ms)
			AwakeInstancesAfterBackupRestoration (14ms)
Platform modules already initialized, skipping
Refreshing native plugins compatible for Editor in 0.91 ms, found 6 plugins.
Preloading 0 native plugins for Editor in 0.00 ms.
Unloading 3636 Unused Serialized files (Serialized files now loaded: 0)
System memory in use before: 169.6 MB.
System memory in use after: 169.8 MB.

Unloading 21 unused Assets to reduce memory usage. Loaded Objects now: 4259.
Total: 3.970300 ms (FindLiveObjects: 0.295400 ms CreateObjectMapping: 0.186800 ms MarkObjects: 3.393600 ms  DeleteObjects: 0.093300 ms)

AssetImportParameters requested are different than current active one (requested -> active):
  custom:framework-win-MediaFoundation: 216162199b28c13a410421893ffa2e32 -> 
  custom:video-decoder-ogg-theora: a1e56fd34408186e4bbccfd4996cb3dc -> 
  custom:container-muxer-webm: aa71ff27fc2769a1b78a27578f13a17b -> 
  custom:container-demuxer-webm: 4f35f7cbe854078d1ac9338744f61a02 -> 
  custom:container-demuxer-ogg: 62fdf1f143b41e24485cea50d1cbac27 -> 
  custom:video-encoder-webm-vp8: eb34c28f22e8b96e1ab97ce403110664 -> 
  custom:video-codec-MediaFoundation-h265: 746d11721c4dcdbdad8f713fa42b33f4 -> 
  custom:video-decoder-webm-vp8: 9c59270c3fd7afecdb556c50c9e8de78 -> 
  custom:audio-decoder-ogg-vorbis: bf7c407c2cedff20999df2af8eb42d56 -> 
  custom:audio-encoder-webm-vorbis: bf7c407c2cedff20999df2af8eb42d56 -> 
========================================================================
Received Import Request.
  Time since last request: 291.002851 seconds.
  path: Assets/Scripts/ScoringSystem.cs
  artifactKey: Guid(72bb32ea1cbedb5498fc0366987a73b7) Importer(815301076,1909f56bfc062723c751e8b465ee728b)
Start importing Assets/Scripts/ScoringSystem.cs using Guid(72bb32ea1cbedb5498fc0366987a73b7) Importer(815301076,1909f56bfc062723c751e8b465ee728b)  -> (artifact id: 'c21db1d55958dbf83cd829e6a97300c7') in 0.007923 seconds 
========================================================================
Received Import Request.
  Time since last request: 2439.235750 seconds.
  path: Assets/Scripts/ScoringSystem.cs
  artifactKey: Guid(72bb32ea1cbedb5498fc0366987a73b7) Importer(815301076,1909f56bfc062723c751e8b465ee728b)
Start importing Assets/Scripts/ScoringSystem.cs using Guid(72bb32ea1cbedb5498fc0366987a73b7) Importer(815301076,1909f56bfc062723c751e8b465ee728b)  -> (artifact id: 'bdfccc98b21ecbf3b80d55f0f132144c') in 0.004514 seconds 
AssetImportWorkerClient::OnTransportError - code=2 error=End of file
