Using pre-set license
Built from '2021.1/staging' branch; Version is '2021.1.18f1 (25bdc3efbc2d) revision 2473411'; Using compiler version '192528614'; Build Type 'Release'
OS: 'Windows 10 Home; OS build 19044.1586; Version 2009; 64bit' Language: 'en' Physical Memory: 8152 MB
BatchMode: 1, IsHumanControllingUs: 0, StartBugReporterOnCrash: 0, Is64bit: 1, IsPro: 0

COMMAND LINE ARGUMENTS:
C:\Program Files\Unity\Hub\Editor\2021.1.18f1\Editor\Unity.exe
-adb2
-batchMode
-noUpm
-name
AssetImportWorker3
-projectPath
C:/Users/Craig Zeki/Documents/GitHub/SpookyShootEmVR_Unity2021.1.18f1
-logFile
Logs/AssetImportWorker3.log
-srvPort
49648
Successfully changed project path to: C:/Users/Craig Zeki/Documents/GitHub/SpookyShootEmVR_Unity2021.1.18f1
C:/Users/Craig Zeki/Documents/GitHub/SpookyShootEmVR_Unity2021.1.18f1
Using Asset Import Pipeline V2.
